
*** Running vivado
    with args -log my_project.vds -m64 -product Vivado -mode batch -messageDb vivado.pb -notrace -source my_project.tcl


****** Vivado v2024.1 (64-bit)
  **** SW Build 5076996 on Wed May 22 18:36:09 MDT 2024
  **** IP Build 5075265 on Wed May 22 21:45:21 MDT 2024
  **** SharedData Build 5076995 on Wed May 22 18:29:18 MDT 2024
  **** Start of session at: Thu Feb 20 20:26:48 2025
    ** Copyright 1986-2022 Xilinx, Inc. All Rights Reserved.
    ** Copyright 2022-2024 Advanced Micro Devices, Inc. All Rights Reserved.

source my_project.tcl -notrace
Command: read_checkpoint -auto_incremental -incremental /home/saman/Desktop/vhdl/mohsen/project_1/project_1.srcs/utils_1/imports/synth_1/my_project.dcp
INFO: [Vivado 12-5825] Read reference checkpoint from /home/saman/Desktop/vhdl/mohsen/project_1/project_1.srcs/utils_1/imports/synth_1/my_project.dcp for incremental synthesis
INFO: [Vivado 12-7989] Please ensure there are no constraint changes
Command: synth_design -top my_project -part xc7z020clg400-1
Starting synth_design
Attempting to get a license for feature 'Synthesis' and/or device 'xc7z020'
INFO: [Common 17-349] Got license for feature 'Synthesis' and/or device 'xc7z020'
INFO: [Device 21-403] Loading part xc7z020clg400-1
INFO: [Device 21-9227] Part: xc7z020clg400-1 does not have CEAM library.
INFO: [Designutils 20-5440] No compile time benefit to using incremental synthesis; A full resynthesis will be run
INFO: [Designutils 20-4379] Flow is switching to default flow due to incremental criteria not met. If you would like to alter this behaviour and have the flow terminate instead, please set the following parameter config_implementation {autoIncr.Synth.RejectBehavior Terminate}
INFO: [Synth 8-7079] Multithreading enabled for synth_design using a maximum of 4 processes.
INFO: [Synth 8-7078] Launching helper process for spawning children vivado processes
INFO: [Synth 8-7075] Helper process launched with PID 64299
---------------------------------------------------------------------------------
Starting RTL Elaboration : Time (s): cpu = 00:00:03 ; elapsed = 00:00:03 . Memory (MB): peak = 2142.344 ; gain = 413.746 ; free physical = 2480 ; free virtual = 14181
---------------------------------------------------------------------------------
INFO: [Synth 8-638] synthesizing module 'my_project' [/home/saman/Desktop/vhdl/mohsen/my_project.vhd:25]
INFO: [Synth 8-3491] module 'SPI_Master' declared at '/home/saman/Desktop/vhdl/mohsen/Master.vhd:5' bound to instance 'master_uint' of component 'SPI_Master' [/home/saman/Desktop/vhdl/mohsen/my_project.vhd:69]
INFO: [Synth 8-638] synthesizing module 'SPI_Master' [/home/saman/Desktop/vhdl/mohsen/Master.vhd:16]
INFO: [Synth 8-256] done synthesizing module 'SPI_Master' (0#1) [/home/saman/Desktop/vhdl/mohsen/Master.vhd:16]
INFO: [Synth 8-3491] module 'ADC0831' declared at '/home/saman/Desktop/vhdl/mohsen/ADC0831.vhd:4' bound to instance 'ADC_uint' of component 'ADC0831' [/home/saman/Desktop/vhdl/mohsen/my_project.vhd:72]
INFO: [Synth 8-638] synthesizing module 'ADC0831' [/home/saman/Desktop/vhdl/mohsen/ADC0831.vhd:16]
INFO: [Synth 8-256] done synthesizing module 'ADC0831' (0#1) [/home/saman/Desktop/vhdl/mohsen/ADC0831.vhd:16]
INFO: [Synth 8-256] done synthesizing module 'my_project' (0#1) [/home/saman/Desktop/vhdl/mohsen/my_project.vhd:25]
---------------------------------------------------------------------------------
Finished RTL Elaboration : Time (s): cpu = 00:00:04 ; elapsed = 00:00:04 . Memory (MB): peak = 2221.312 ; gain = 492.715 ; free physical = 2378 ; free virtual = 14080
---------------------------------------------------------------------------------
---------------------------------------------------------------------------------
Start Handling Custom Attributes
---------------------------------------------------------------------------------
---------------------------------------------------------------------------------
Finished Handling Custom Attributes : Time (s): cpu = 00:00:04 ; elapsed = 00:00:04 . Memory (MB): peak = 2236.156 ; gain = 507.559 ; free physical = 2378 ; free virtual = 14080
---------------------------------------------------------------------------------
---------------------------------------------------------------------------------
Finished RTL Optimization Phase 1 : Time (s): cpu = 00:00:04 ; elapsed = 00:00:04 . Memory (MB): peak = 2236.156 ; gain = 507.559 ; free physical = 2378 ; free virtual = 14080
---------------------------------------------------------------------------------
Netlist sorting complete. Time (s): cpu = 00:00:00 ; elapsed = 00:00:00 . Memory (MB): peak = 2236.156 ; gain = 0.000 ; free physical = 2378 ; free virtual = 14080
INFO: [Project 1-570] Preparing netlist for logic optimization

Processing XDC Constraints
Initializing timing engine
Parsing XDC File [/home/saman/Desktop/vhdl/mohsen/Pins.xdc]
WARNING: [Vivado 12-584] No ports matched 'Ref_clk'. [/home/saman/Desktop/vhdl/mohsen/Pins.xdc:1]
CRITICAL WARNING: [Common 17-55] 'set_property' expects at least one object. [/home/saman/Desktop/vhdl/mohsen/Pins.xdc:1]
Resolution: If [get_<value>] was used to populate the object, check to make sure this command returns at least one valid object.
WARNING: [Vivado 12-584] No ports matched 'Ref_clk'. [/home/saman/Desktop/vhdl/mohsen/Pins.xdc:2]
CRITICAL WARNING: [Common 17-55] 'set_property' expects at least one object. [/home/saman/Desktop/vhdl/mohsen/Pins.xdc:2]
Resolution: If [get_<value>] was used to populate the object, check to make sure this command returns at least one valid object.
WARNING: [Vivado 12-584] No ports matched 'PB1'. [/home/saman/Desktop/vhdl/mohsen/Pins.xdc:20]
CRITICAL WARNING: [Common 17-55] 'set_property' expects at least one object. [/home/saman/Desktop/vhdl/mohsen/Pins.xdc:20]
Resolution: If [get_<value>] was used to populate the object, check to make sure this command returns at least one valid object.
WARNING: [Vivado 12-584] No ports matched 'LED'. [/home/saman/Desktop/vhdl/mohsen/Pins.xdc:21]
CRITICAL WARNING: [Common 17-55] 'set_property' expects at least one object. [/home/saman/Desktop/vhdl/mohsen/Pins.xdc:21]
Resolution: If [get_<value>] was used to populate the object, check to make sure this command returns at least one valid object.
WARNING: [Vivado 12-584] No ports matched 'LED'. [/home/saman/Desktop/vhdl/mohsen/Pins.xdc:22]
CRITICAL WARNING: [Common 17-55] 'set_property' expects at least one object. [/home/saman/Desktop/vhdl/mohsen/Pins.xdc:22]
Resolution: If [get_<value>] was used to populate the object, check to make sure this command returns at least one valid object.
WARNING: [Vivado 12-584] No ports matched 'PB1'. [/home/saman/Desktop/vhdl/mohsen/Pins.xdc:25]
CRITICAL WARNING: [Common 17-55] 'set_property' expects at least one object. [/home/saman/Desktop/vhdl/mohsen/Pins.xdc:25]
Resolution: If [get_<value>] was used to populate the object, check to make sure this command returns at least one valid object.
WARNING: [Vivado 12-584] No ports matched 'LED1'. [/home/saman/Desktop/vhdl/mohsen/Pins.xdc:36]
CRITICAL WARNING: [Common 17-55] 'set_property' expects at least one object. [/home/saman/Desktop/vhdl/mohsen/Pins.xdc:36]
Resolution: If [get_<value>] was used to populate the object, check to make sure this command returns at least one valid object.
WARNING: [Vivado 12-584] No ports matched 'LED2'. [/home/saman/Desktop/vhdl/mohsen/Pins.xdc:37]
CRITICAL WARNING: [Common 17-55] 'set_property' expects at least one object. [/home/saman/Desktop/vhdl/mohsen/Pins.xdc:37]
Resolution: If [get_<value>] was used to populate the object, check to make sure this command returns at least one valid object.
WARNING: [Vivado 12-584] No ports matched 'LED1'. [/home/saman/Desktop/vhdl/mohsen/Pins.xdc:38]
CRITICAL WARNING: [Common 17-55] 'set_property' expects at least one object. [/home/saman/Desktop/vhdl/mohsen/Pins.xdc:38]
Resolution: If [get_<value>] was used to populate the object, check to make sure this command returns at least one valid object.
WARNING: [Vivado 12-584] No ports matched 'LED2'. [/home/saman/Desktop/vhdl/mohsen/Pins.xdc:39]
CRITICAL WARNING: [Common 17-55] 'set_property' expects at least one object. [/home/saman/Desktop/vhdl/mohsen/Pins.xdc:39]
Resolution: If [get_<value>] was used to populate the object, check to make sure this command returns at least one valid object.
WARNING: [Vivado 12-584] No ports matched 'PB2'. [/home/saman/Desktop/vhdl/mohsen/Pins.xdc:40]
CRITICAL WARNING: [Common 17-55] 'set_property' expects at least one object. [/home/saman/Desktop/vhdl/mohsen/Pins.xdc:40]
Resolution: If [get_<value>] was used to populate the object, check to make sure this command returns at least one valid object.
WARNING: [Vivado 12-584] No ports matched 'PB2'. [/home/saman/Desktop/vhdl/mohsen/Pins.xdc:41]
CRITICAL WARNING: [Common 17-55] 'set_property' expects at least one object. [/home/saman/Desktop/vhdl/mohsen/Pins.xdc:41]
Resolution: If [get_<value>] was used to populate the object, check to make sure this command returns at least one valid object.
WARNING: [Vivado 12-584] No ports matched 'spi_cs'. [/home/saman/Desktop/vhdl/mohsen/Pins.xdc:55]
CRITICAL WARNING: [Common 17-55] 'set_property' expects at least one object. [/home/saman/Desktop/vhdl/mohsen/Pins.xdc:55]
Resolution: If [get_<value>] was used to populate the object, check to make sure this command returns at least one valid object.
WARNING: [Vivado 12-584] No ports matched 'spi_cs'. [/home/saman/Desktop/vhdl/mohsen/Pins.xdc:56]
CRITICAL WARNING: [Common 17-55] 'set_property' expects at least one object. [/home/saman/Desktop/vhdl/mohsen/Pins.xdc:56]
Resolution: If [get_<value>] was used to populate the object, check to make sure this command returns at least one valid object.
WARNING: [Vivado 12-584] No ports matched 'spi_clk'. [/home/saman/Desktop/vhdl/mohsen/Pins.xdc:57]
CRITICAL WARNING: [Common 17-55] 'set_property' expects at least one object. [/home/saman/Desktop/vhdl/mohsen/Pins.xdc:57]
Resolution: If [get_<value>] was used to populate the object, check to make sure this command returns at least one valid object.
WARNING: [Vivado 12-584] No ports matched 'spi_clk'. [/home/saman/Desktop/vhdl/mohsen/Pins.xdc:58]
CRITICAL WARNING: [Common 17-55] 'set_property' expects at least one object. [/home/saman/Desktop/vhdl/mohsen/Pins.xdc:58]
Resolution: If [get_<value>] was used to populate the object, check to make sure this command returns at least one valid object.
WARNING: [Vivado 12-584] No ports matched 'spi_miso'. [/home/saman/Desktop/vhdl/mohsen/Pins.xdc:59]
CRITICAL WARNING: [Common 17-55] 'set_property' expects at least one object. [/home/saman/Desktop/vhdl/mohsen/Pins.xdc:59]
Resolution: If [get_<value>] was used to populate the object, check to make sure this command returns at least one valid object.
WARNING: [Vivado 12-584] No ports matched 'spi_miso'. [/home/saman/Desktop/vhdl/mohsen/Pins.xdc:60]
CRITICAL WARNING: [Common 17-55] 'set_property' expects at least one object. [/home/saman/Desktop/vhdl/mohsen/Pins.xdc:60]
Resolution: If [get_<value>] was used to populate the object, check to make sure this command returns at least one valid object.
Finished Parsing XDC File [/home/saman/Desktop/vhdl/mohsen/Pins.xdc]
INFO: [Project 1-236] Implementation specific constraints were found while reading constraint file [/home/saman/Desktop/vhdl/mohsen/Pins.xdc]. These constraints will be ignored for synthesis but will be used in implementation. Impacted constraints are listed in the file [.Xil/my_project_propImpl.xdc].
Resolution: To avoid this warning, move constraints listed in [.Xil/my_project_propImpl.xdc] to another XDC file and exclude this new file from synthesis with the used_in_synthesis property (File Properties dialog in GUI) and re-run elaboration/synthesis.
Completed Processing XDC Constraints

Netlist sorting complete. Time (s): cpu = 00:00:00 ; elapsed = 00:00:00 . Memory (MB): peak = 2388.906 ; gain = 0.000 ; free physical = 2371 ; free virtual = 14073
INFO: [Project 1-111] Unisim Transformation Summary:
No Unisim elements were transformed.

Constraint Validation Runtime : Time (s): cpu = 00:00:00 ; elapsed = 00:00:00 . Memory (MB): peak = 2388.906 ; gain = 0.000 ; free physical = 2371 ; free virtual = 14073
INFO: [Designutils 20-5440] No compile time benefit to using incremental synthesis; A full resynthesis will be run
INFO: [Designutils 20-4379] Flow is switching to default flow due to incremental criteria not met. If you would like to alter this behaviour and have the flow terminate instead, please set the following parameter config_implementation {autoIncr.Synth.RejectBehavior Terminate}
---------------------------------------------------------------------------------
Finished Constraint Validation : Time (s): cpu = 00:00:08 ; elapsed = 00:00:08 . Memory (MB): peak = 2388.906 ; gain = 660.309 ; free physical = 2372 ; free virtual = 14074
---------------------------------------------------------------------------------
---------------------------------------------------------------------------------
Start Loading Part and Timing Information
---------------------------------------------------------------------------------
Loading part: xc7z020clg400-1
---------------------------------------------------------------------------------
Finished Loading Part and Timing Information : Time (s): cpu = 00:00:08 ; elapsed = 00:00:08 . Memory (MB): peak = 2396.910 ; gain = 668.312 ; free physical = 2372 ; free virtual = 14074
---------------------------------------------------------------------------------
---------------------------------------------------------------------------------
Start Applying 'set_property' XDC Constraints
---------------------------------------------------------------------------------
---------------------------------------------------------------------------------
Finished applying 'set_property' XDC Constraints : Time (s): cpu = 00:00:08 ; elapsed = 00:00:08 . Memory (MB): peak = 2396.910 ; gain = 668.312 ; free physical = 2372 ; free virtual = 14074
---------------------------------------------------------------------------------
INFO: [Synth 8-802] inferred FSM for state register 'current_state_reg' in module 'SPI_Master'
INFO: [Synth 8-802] inferred FSM for state register 'FSM_reg' in module 'ADC0831'
INFO: [Synth 8-802] inferred FSM for state register 'write_reg' in module 'my_project'
INFO: [Synth 8-802] inferred FSM for state register 'read_reg' in module 'my_project'
---------------------------------------------------------------------------------------------------
                   State |                     New Encoding |                Previous Encoding 
---------------------------------------------------------------------------------------------------
                    idle |                             0001 |                               00
                    load |                             0010 |                               01
                    send |                             0100 |                               10
                complete |                             1000 |                               11
---------------------------------------------------------------------------------------------------
INFO: [Synth 8-3354] encoded FSM with state register 'current_state_reg' using encoding 'one-hot' in module 'SPI_Master'
---------------------------------------------------------------------------------------------------
                   State |                     New Encoding |                Previous Encoding 
---------------------------------------------------------------------------------------------------
                    idle |                              000 |                              000
                  tsetup |                              001 |                              001
                   read1 |                              010 |                              010
                   read2 |                              011 |                              011
                    stop |                              100 |                              100
                  iSTATE |                              101 |                              111
---------------------------------------------------------------------------------------------------
INFO: [Synth 8-3354] encoded FSM with state register 'FSM_reg' using encoding 'sequential' in module 'ADC0831'
---------------------------------------------------------------------------------------------------
                   State |                     New Encoding |                Previous Encoding 
---------------------------------------------------------------------------------------------------
                  iSTATE |                               00 |                               11
                 iSTATE0 |                               01 |                               00
                 iSTATE1 |                               10 |                               01
*
                 iSTATE2 |                               11 |                               10
---------------------------------------------------------------------------------------------------
INFO: [Synth 8-3354] encoded FSM with state register 'write_reg' using encoding 'sequential' in module 'my_project'
---------------------------------------------------------------------------------------------------
                   State |                     New Encoding |                Previous Encoding 
---------------------------------------------------------------------------------------------------
                 iSTATE1 |                              001 |                               00
*
                 iSTATE0 |                              010 |                               01
                  iSTATE |                              100 |                               10
---------------------------------------------------------------------------------------------------
INFO: [Synth 8-3354] encoded FSM with state register 'read_reg' using encoding 'one-hot' in module 'my_project'
---------------------------------------------------------------------------------
Finished RTL Optimization Phase 2 : Time (s): cpu = 00:00:09 ; elapsed = 00:00:09 . Memory (MB): peak = 2396.910 ; gain = 668.312 ; free physical = 2369 ; free virtual = 14071
---------------------------------------------------------------------------------
---------------------------------------------------------------------------------
Start RTL Component Statistics 
---------------------------------------------------------------------------------
Detailed RTL Component Info : 
+---Adders : 
	   2 Input   32 Bit       Adders := 6     
	   2 Input    9 Bit       Adders := 1     
	   2 Input    5 Bit       Adders := 1     
	   2 Input    4 Bit       Adders := 2     
+---Registers : 
	               32 Bit    Registers := 6     
	                9 Bit    Registers := 2     
	                8 Bit    Registers := 3     
	                5 Bit    Registers := 1     
	                4 Bit    Registers := 3     
	                3 Bit    Registers := 1     
	                1 Bit    Registers := 12    
+---Muxes : 
	   2 Input    9 Bit        Muxes := 3     
	   6 Input    9 Bit        Muxes := 3     
	   2 Input    8 Bit        Muxes := 3     
	   3 Input    8 Bit        Muxes := 1     
	   2 Input    7 Bit        Muxes := 1     
	   2 Input    5 Bit        Muxes := 1     
	   4 Input    5 Bit        Muxes := 1     
	   6 Input    4 Bit        Muxes := 1     
	   2 Input    4 Bit        Muxes := 1     
	   5 Input    3 Bit        Muxes := 1     
	   2 Input    3 Bit        Muxes := 3     
	   3 Input    3 Bit        Muxes := 1     
	   3 Input    2 Bit        Muxes := 1     
	   2 Input    2 Bit        Muxes := 5     
	   2 Input    1 Bit        Muxes := 18    
	   4 Input    1 Bit        Muxes := 6     
	   3 Input    1 Bit        Muxes := 9     
	   6 Input    1 Bit        Muxes := 8     
---------------------------------------------------------------------------------
Finished RTL Component Statistics 
---------------------------------------------------------------------------------
---------------------------------------------------------------------------------
Start Part Resource Summary
---------------------------------------------------------------------------------
Part Resources:
DSPs: 220 (col length:60)
BRAMs: 280 (col length: RAMB18 60 RAMB36 30)
---------------------------------------------------------------------------------
Finished Part Resource Summary
---------------------------------------------------------------------------------
---------------------------------------------------------------------------------
Start Cross Boundary and Area Optimization
---------------------------------------------------------------------------------
WARNING: [Synth 8-7080] Parallel synthesis criteria is not met
---------------------------------------------------------------------------------
Finished Cross Boundary and Area Optimization : Time (s): cpu = 00:00:11 ; elapsed = 00:00:11 . Memory (MB): peak = 2396.910 ; gain = 668.312 ; free physical = 2348 ; free virtual = 14055
---------------------------------------------------------------------------------
---------------------------------------------------------------------------------
Start Applying XDC Timing Constraints
---------------------------------------------------------------------------------
---------------------------------------------------------------------------------
Finished Applying XDC Timing Constraints : Time (s): cpu = 00:00:15 ; elapsed = 00:00:15 . Memory (MB): peak = 2396.910 ; gain = 668.312 ; free physical = 2348 ; free virtual = 14057
---------------------------------------------------------------------------------
---------------------------------------------------------------------------------
Start Timing Optimization
---------------------------------------------------------------------------------
---------------------------------------------------------------------------------
Finished Timing Optimization : Time (s): cpu = 00:00:15 ; elapsed = 00:00:15 . Memory (MB): peak = 2396.910 ; gain = 668.312 ; free physical = 2348 ; free virtual = 14057
---------------------------------------------------------------------------------
---------------------------------------------------------------------------------
Start Technology Mapping
---------------------------------------------------------------------------------
---------------------------------------------------------------------------------
Finished Technology Mapping : Time (s): cpu = 00:00:15 ; elapsed = 00:00:15 . Memory (MB): peak = 2396.910 ; gain = 668.312 ; free physical = 2348 ; free virtual = 14057
---------------------------------------------------------------------------------
---------------------------------------------------------------------------------
Start IO Insertion
---------------------------------------------------------------------------------
---------------------------------------------------------------------------------
Start Flattening Before IO Insertion
---------------------------------------------------------------------------------
---------------------------------------------------------------------------------
Finished Flattening Before IO Insertion
---------------------------------------------------------------------------------
---------------------------------------------------------------------------------
Start Final Netlist Cleanup
---------------------------------------------------------------------------------
---------------------------------------------------------------------------------
Finished Final Netlist Cleanup
---------------------------------------------------------------------------------
---------------------------------------------------------------------------------
Finished IO Insertion : Time (s): cpu = 00:00:17 ; elapsed = 00:00:17 . Memory (MB): peak = 2396.910 ; gain = 668.312 ; free physical = 2348 ; free virtual = 14056
---------------------------------------------------------------------------------
---------------------------------------------------------------------------------
Start Renaming Generated Instances
---------------------------------------------------------------------------------
---------------------------------------------------------------------------------
Finished Renaming Generated Instances : Time (s): cpu = 00:00:17 ; elapsed = 00:00:17 . Memory (MB): peak = 2396.910 ; gain = 668.312 ; free physical = 2348 ; free virtual = 14056
---------------------------------------------------------------------------------
---------------------------------------------------------------------------------
Start Rebuilding User Hierarchy
---------------------------------------------------------------------------------
---------------------------------------------------------------------------------
Finished Rebuilding User Hierarchy : Time (s): cpu = 00:00:17 ; elapsed = 00:00:17 . Memory (MB): peak = 2396.910 ; gain = 668.312 ; free physical = 2348 ; free virtual = 14056
---------------------------------------------------------------------------------
---------------------------------------------------------------------------------
Start Renaming Generated Ports
---------------------------------------------------------------------------------
---------------------------------------------------------------------------------
Finished Renaming Generated Ports : Time (s): cpu = 00:00:17 ; elapsed = 00:00:17 . Memory (MB): peak = 2396.910 ; gain = 668.312 ; free physical = 2348 ; free virtual = 14056
---------------------------------------------------------------------------------
---------------------------------------------------------------------------------
Start Handling Custom Attributes
---------------------------------------------------------------------------------
---------------------------------------------------------------------------------
Finished Handling Custom Attributes : Time (s): cpu = 00:00:17 ; elapsed = 00:00:17 . Memory (MB): peak = 2396.910 ; gain = 668.312 ; free physical = 2348 ; free virtual = 14056
---------------------------------------------------------------------------------
---------------------------------------------------------------------------------
Start Renaming Generated Nets
---------------------------------------------------------------------------------
---------------------------------------------------------------------------------
Finished Renaming Generated Nets : Time (s): cpu = 00:00:17 ; elapsed = 00:00:17 . Memory (MB): peak = 2396.910 ; gain = 668.312 ; free physical = 2348 ; free virtual = 14056
---------------------------------------------------------------------------------
---------------------------------------------------------------------------------
Start Writing Synthesis Report
---------------------------------------------------------------------------------

Report BlackBoxes: 
+-+--------------+----------+
| |BlackBox name |Instances |
+-+--------------+----------+
+-+--------------+----------+

Report Cell Usage: 
+------+-------+------+
|      |Cell   |Count |
+------+-------+------+
|1     |BUFG   |     1|
|2     |CARRY4 |    48|
|3     |LUT1   |     4|
|4     |LUT2   |    24|
|5     |LUT3   |    24|
|6     |LUT4   |    40|
|7     |LUT5   |    46|
|8     |LUT6   |    43|
|9     |FDRE   |   275|
|10    |FDSE   |     7|
|11    |IBUF   |     4|
|12    |IOBUF  |     8|
|13    |OBUF   |    15|
+------+-------+------+
---------------------------------------------------------------------------------
Finished Writing Synthesis Report : Time (s): cpu = 00:00:17 ; elapsed = 00:00:17 . Memory (MB): peak = 2396.910 ; gain = 668.312 ; free physical = 2348 ; free virtual = 14056
---------------------------------------------------------------------------------
Synthesis finished with 0 errors, 0 critical warnings and 1 warnings.
Synthesis Optimization Runtime : Time (s): cpu = 00:00:16 ; elapsed = 00:00:16 . Memory (MB): peak = 2396.910 ; gain = 515.562 ; free physical = 2348 ; free virtual = 14056
Synthesis Optimization Complete : Time (s): cpu = 00:00:17 ; elapsed = 00:00:17 . Memory (MB): peak = 2396.918 ; gain = 668.312 ; free physical = 2348 ; free virtual = 14056
INFO: [Project 1-571] Translating synthesized netlist
Netlist sorting complete. Time (s): cpu = 00:00:00 ; elapsed = 00:00:00 . Memory (MB): peak = 2396.918 ; gain = 0.000 ; free physical = 2643 ; free virtual = 14351
INFO: [Netlist 29-17] Analyzing 56 Unisim elements for replacement
INFO: [Netlist 29-28] Unisim Transformation completed in 0 CPU seconds
INFO: [Project 1-570] Preparing netlist for logic optimization
INFO: [Opt 31-138] Pushed 0 inverter(s) to 0 load pin(s).
Netlist sorting complete. Time (s): cpu = 00:00:00 ; elapsed = 00:00:00 . Memory (MB): peak = 2452.938 ; gain = 0.000 ; free physical = 2646 ; free virtual = 14354
INFO: [Project 1-111] Unisim Transformation Summary:
  A total of 8 instances were transformed.
  IOBUF => IOBUF (IBUF, OBUFT): 8 instances

Synth Design complete | Checksum: ac39d0e6
INFO: [Common 17-83] Releasing license: Synthesis
38 Infos, 19 Warnings, 18 Critical Warnings and 0 Errors encountered.
synth_design completed successfully
synth_design: Time (s): cpu = 00:00:23 ; elapsed = 00:00:21 . Memory (MB): peak = 2452.938 ; gain = 1037.629 ; free physical = 2646 ; free virtual = 14353
INFO: [Common 17-2834] synth_design peak Physical Memory [PSS] (MB): overall = 1890.991; main = 1567.582; forked = 388.628
INFO: [Common 17-2834] synth_design peak Virtual Memory [VSS] (MB): overall = 3427.566; main = 2452.941; forked = 1030.652
INFO: [runtcl-6] Synthesis results are not added to the cache due to CRITICAL_WARNING
Write ShapeDB Complete: Time (s): cpu = 00:00:00 ; elapsed = 00:00:00.01 . Memory (MB): peak = 2476.949 ; gain = 0.000 ; free physical = 2646 ; free virtual = 14353
INFO: [Common 17-1381] The checkpoint '/home/saman/Desktop/vhdl/mohsen/project_1/project_1.runs/synth_1/my_project.dcp' has been generated.
INFO: [Vivado 12-24828] Executing command : report_utilization -file my_project_utilization_synth.rpt -pb my_project_utilization_synth.pb
INFO: [Common 17-206] Exiting Vivado at Thu Feb 20 20:27:15 2025...
